

Started GET "/" for 65.191.113.32 at 2016-02-23 22:32:30 +0000
Cannot render console from 65.191.113.32! Allowed networks: 127.0.0.1, ::1, 127.0.0.0/127.255.255.255

ActiveRecord::PendingMigrationError (

Migrations are pending. To resolve this issue, run:

	bin/rake db:migrate RAILS_ENV=development

):
  activerecord (4.2.4) lib/active_record/migration.rb:392:in `check_pending!'
  activerecord (4.2.4) lib/active_record/migration.rb:373:in `call'
  actionpack (4.2.4) lib/action_dispatch/middleware/callbacks.rb:29:in `block in call'
  activesupport (4.2.4) lib/active_support/callbacks.rb:88:in `__run_callbacks__'
  activesupport (4.2.4) lib/active_support/callbacks.rb:778:in `_run_call_callbacks'
  activesupport (4.2.4) lib/active_support/callbacks.rb:81:in `run_callbacks'
  actionpack (4.2.4) lib/action_dispatch/middleware/callbacks.rb:27:in `call'
  actionpack (4.2.4) lib/action_dispatch/middleware/reloader.rb:73:in `call'
  actionpack (4.2.4) lib/action_dispatch/middleware/remote_ip.rb:78:in `call'
  actionpack (4.2.4) lib/action_dispatch/middleware/debug_exceptions.rb:17:in `call'
  web-console (2.3.0) lib/web_console/middleware.rb:20:in `block in call'
  web-console (2.3.0) lib/web_console/middleware.rb:18:in `catch'
  web-console (2.3.0) lib/web_console/middleware.rb:18:in `call'
  actionpack (4.2.4) lib/action_dispatch/middleware/show_exceptions.rb:30:in `call'
  railties (4.2.4) lib/rails/rack/logger.rb:38:in `call_app'
  railties (4.2.4) lib/rails/rack/logger.rb:20:in `block in call'
  activesupport (4.2.4) lib/active_support/tagged_logging.rb:68:in `block in tagged'
  activesupport (4.2.4) lib/active_support/tagged_logging.rb:26:in `tagged'
  activesupport (4.2.4) lib/active_support/tagged_logging.rb:68:in `tagged'
  railties (4.2.4) lib/rails/rack/logger.rb:20:in `call'
  actionpack (4.2.4) lib/action_dispatch/middleware/request_id.rb:21:in `call'
  rack (1.6.4) lib/rack/methodoverride.rb:22:in `call'
  rack (1.6.4) lib/rack/runtime.rb:18:in `call'
  activesupport (4.2.4) lib/active_support/cache/strategy/local_cache_middleware.rb:28:in `call'
  rack (1.6.4) lib/rack/lock.rb:17:in `call'
  actionpack (4.2.4) lib/action_dispatch/middleware/static.rb:116:in `call'
  rack (1.6.4) lib/rack/sendfile.rb:113:in `call'
  railties (4.2.4) lib/rails/engine.rb:518:in `call'
  railties (4.2.4) lib/rails/application.rb:165:in `call'
  rack (1.6.4) lib/rack/lock.rb:17:in `call'
  rack (1.6.4) lib/rack/content_length.rb:15:in `call'
  rack (1.6.4) lib/rack/handler/webrick.rb:88:in `service'
  /usr/local/rvm/rubies/ruby-2.3.0/lib/ruby/2.3.0/webrick/httpserver.rb:140:in `service'
  /usr/local/rvm/rubies/ruby-2.3.0/lib/ruby/2.3.0/webrick/httpserver.rb:96:in `run'
  /usr/local/rvm/rubies/ruby-2.3.0/lib/ruby/2.3.0/webrick/server.rb:296:in `block in start_thread'


  Rendered /usr/local/rvm/gems/ruby-2.3.0/gems/actionpack-4.2.4/lib/action_dispatch/middleware/templates/rescues/_source.erb (5.3ms)
  Rendered /usr/local/rvm/gems/ruby-2.3.0/gems/actionpack-4.2.4/lib/action_dispatch/middleware/templates/rescues/_trace.html.erb (2.2ms)
  Rendered /usr/local/rvm/gems/ruby-2.3.0/gems/actionpack-4.2.4/lib/action_dispatch/middleware/templates/rescues/_request_and_response.html.erb (1.4ms)
  Rendered /usr/local/rvm/gems/ruby-2.3.0/gems/actionpack-4.2.4/lib/action_dispatch/middleware/templates/rescues/diagnostics.html.erb within rescues/layout (114.9ms)
  [1m[36m (15.1ms)[0m  [1mCREATE TABLE "schema_migrations" ("version" varchar NOT NULL) [0m
  [1m[35m (0.1ms)[0m  select sqlite_version(*)
  [1m[36m (7.0ms)[0m  [1mCREATE UNIQUE INDEX "unique_schema_migrations" ON "schema_migrations" ("version")[0m
  [1m[35mActiveRecord::SchemaMigration Load (0.1ms)[0m  SELECT "schema_migrations".* FROM "schema_migrations"
Migrating to DeviseCreateUsers (20160223150944)
  [1m[36m (0.1ms)[0m  [1mbegin transaction[0m
  [1m[35m (0.5ms)[0m  CREATE TABLE "users" ("id" INTEGER PRIMARY KEY AUTOINCREMENT NOT NULL, "email" varchar DEFAULT '' NOT NULL, "encrypted_password" varchar DEFAULT '' NOT NULL, "reset_password_token" varchar, "reset_password_sent_at" datetime, "remember_created_at" datetime, "sign_in_count" integer DEFAULT 0 NOT NULL, "current_sign_in_at" datetime, "last_sign_in_at" datetime, "current_sign_in_ip" varchar, "last_sign_in_ip" varchar, "created_at" datetime NOT NULL, "updated_at" datetime NOT NULL) 
  [1m[36m (14.4ms)[0m  [1mCREATE UNIQUE INDEX "index_users_on_email" ON "users" ("email")[0m
  [1m[35m (0.1ms)[0m              SELECT sql
            FROM sqlite_master
            WHERE name='index_users_on_email' AND type='index'
            UNION ALL
            SELECT sql
            FROM sqlite_temp_master
            WHERE name='index_users_on_email' AND type='index'

  [1m[36m (0.2ms)[0m  [1mCREATE UNIQUE INDEX "index_users_on_reset_password_token" ON "users" ("reset_password_token")[0m
  [1m[35mSQL (0.1ms)[0m  INSERT INTO "schema_migrations" ("version") VALUES (?)  [["version", "20160223150944"]]
  [1m[36m (9.3ms)[0m  [1mcommit transaction[0m
Migrating to CreateGoals (20160223152022)
  [1m[35m (0.0ms)[0m  begin transaction
  [1m[36m (0.4ms)[0m  [1mCREATE TABLE "goals" ("id" INTEGER PRIMARY KEY AUTOINCREMENT NOT NULL, "name" varchar, "description" text, "points" integer, "user_id" integer, "created_at" datetime NOT NULL, "updated_at" datetime NOT NULL) [0m
  [1m[35m (0.1ms)[0m  CREATE  INDEX "index_goals_on_user_id" ON "goals" ("user_id")
  [1m[36mSQL (0.1ms)[0m  [1mINSERT INTO "schema_migrations" ("version") VALUES (?)[0m  [["version", "20160223152022"]]
  [1m[35m (6.6ms)[0m  commit transaction
Migrating to AddValuesToUsers (20160223153904)
  [1m[36m (0.1ms)[0m  [1mbegin transaction[0m
  [1m[35m (0.5ms)[0m  ALTER TABLE "users" ADD "name" varchar
  [1m[36m (0.3ms)[0m  [1mALTER TABLE "users" ADD "birthday" date[0m
  [1m[35mSQL (0.1ms)[0m  INSERT INTO "schema_migrations" ("version") VALUES (?)  [["version", "20160223153904"]]
  [1m[36m (6.9ms)[0m  [1mcommit transaction[0m
  [1m[35mActiveRecord::SchemaMigration Load (0.2ms)[0m  SELECT "schema_migrations".* FROM "schema_migrations"
  [1m[36m (0.1ms)[0m  [1m            SELECT sql
            FROM sqlite_master
            WHERE name='index_goals_on_user_id' AND type='index'
            UNION ALL
            SELECT sql
            FROM sqlite_temp_master
            WHERE name='index_goals_on_user_id' AND type='index'
[0m
  [1m[35m (0.2ms)[0m              SELECT sql
            FROM sqlite_master
            WHERE name='index_users_on_reset_password_token' AND type='index'
            UNION ALL
            SELECT sql
            FROM sqlite_temp_master
            WHERE name='index_users_on_reset_password_token' AND type='index'

  [1m[36m (0.1ms)[0m  [1m            SELECT sql
            FROM sqlite_master
            WHERE name='index_users_on_email' AND type='index'
            UNION ALL
            SELECT sql
            FROM sqlite_temp_master
            WHERE name='index_users_on_email' AND type='index'
[0m


Started GET "/" for 65.191.113.32 at 2016-02-23 22:34:38 +0000
Cannot render console from 65.191.113.32! Allowed networks: 127.0.0.1, ::1, 127.0.0.0/127.255.255.255
  [1m[36mActiveRecord::SchemaMigration Load (0.1ms)[0m  [1mSELECT "schema_migrations".* FROM "schema_migrations"[0m

ActionController::RoutingError (uninitialized constant GoalController):
  activesupport (4.2.4) lib/active_support/inflector/methods.rb:261:in `const_get'
  activesupport (4.2.4) lib/active_support/inflector/methods.rb:261:in `block in constantize'
  activesupport (4.2.4) lib/active_support/inflector/methods.rb:259:in `each'
  activesupport (4.2.4) lib/active_support/inflector/methods.rb:259:in `inject'
  activesupport (4.2.4) lib/active_support/inflector/methods.rb:259:in `constantize'
  actionpack (4.2.4) lib/action_dispatch/routing/route_set.rb:72:in `controller_reference'
  actionpack (4.2.4) lib/action_dispatch/routing/route_set.rb:62:in `controller'
  actionpack (4.2.4) lib/action_dispatch/routing/route_set.rb:41:in `serve'
  actionpack (4.2.4) lib/action_dispatch/journey/router.rb:43:in `block in serve'
  actionpack (4.2.4) lib/action_dispatch/journey/router.rb:30:in `each'
  actionpack (4.2.4) lib/action_dispatch/journey/router.rb:30:in `serve'
  actionpack (4.2.4) lib/action_dispatch/routing/route_set.rb:821:in `call'
  warden (1.2.6) lib/warden/manager.rb:35:in `block in call'
  warden (1.2.6) lib/warden/manager.rb:34:in `catch'
  warden (1.2.6) lib/warden/manager.rb:34:in `call'
  rack (1.6.4) lib/rack/etag.rb:24:in `call'
  rack (1.6.4) lib/rack/conditionalget.rb:25:in `call'
  rack (1.6.4) lib/rack/head.rb:13:in `call'
  actionpack (4.2.4) lib/action_dispatch/middleware/params_parser.rb:27:in `call'
  actionpack (4.2.4) lib/action_dispatch/middleware/flash.rb:260:in `call'
  rack (1.6.4) lib/rack/session/abstract/id.rb:225:in `context'
  rack (1.6.4) lib/rack/session/abstract/id.rb:220:in `call'
  actionpack (4.2.4) lib/action_dispatch/middleware/cookies.rb:560:in `call'
  activerecord (4.2.4) lib/active_record/query_cache.rb:36:in `call'
  activerecord (4.2.4) lib/active_record/connection_adapters/abstract/connection_pool.rb:653:in `call'
  activerecord (4.2.4) lib/active_record/migration.rb:377:in `call'
  actionpack (4.2.4) lib/action_dispatch/middleware/callbacks.rb:29:in `block in call'
  activesupport (4.2.4) lib/active_support/callbacks.rb:88:in `__run_callbacks__'
  activesupport (4.2.4) lib/active_support/callbacks.rb:778:in `_run_call_callbacks'
  activesupport (4.2.4) lib/active_support/callbacks.rb:81:in `run_callbacks'
  actionpack (4.2.4) lib/action_dispatch/middleware/callbacks.rb:27:in `call'
  actionpack (4.2.4) lib/action_dispatch/middleware/reloader.rb:73:in `call'
  actionpack (4.2.4) lib/action_dispatch/middleware/remote_ip.rb:78:in `call'
  actionpack (4.2.4) lib/action_dispatch/middleware/debug_exceptions.rb:17:in `call'
  web-console (2.3.0) lib/web_console/middleware.rb:20:in `block in call'
  web-console (2.3.0) lib/web_console/middleware.rb:18:in `catch'
  web-console (2.3.0) lib/web_console/middleware.rb:18:in `call'
  actionpack (4.2.4) lib/action_dispatch/middleware/show_exceptions.rb:30:in `call'
  railties (4.2.4) lib/rails/rack/logger.rb:38:in `call_app'
  railties (4.2.4) lib/rails/rack/logger.rb:20:in `block in call'
  activesupport (4.2.4) lib/active_support/tagged_logging.rb:68:in `block in tagged'
  activesupport (4.2.4) lib/active_support/tagged_logging.rb:26:in `tagged'
  activesupport (4.2.4) lib/active_support/tagged_logging.rb:68:in `tagged'
  railties (4.2.4) lib/rails/rack/logger.rb:20:in `call'
  actionpack (4.2.4) lib/action_dispatch/middleware/request_id.rb:21:in `call'
  rack (1.6.4) lib/rack/methodoverride.rb:22:in `call'
  rack (1.6.4) lib/rack/runtime.rb:18:in `call'
  activesupport (4.2.4) lib/active_support/cache/strategy/local_cache_middleware.rb:28:in `call'
  rack (1.6.4) lib/rack/lock.rb:17:in `call'
  actionpack (4.2.4) lib/action_dispatch/middleware/static.rb:116:in `call'
  rack (1.6.4) lib/rack/sendfile.rb:113:in `call'
  railties (4.2.4) lib/rails/engine.rb:518:in `call'
  railties (4.2.4) lib/rails/application.rb:165:in `call'
  rack (1.6.4) lib/rack/lock.rb:17:in `call'
  rack (1.6.4) lib/rack/content_length.rb:15:in `call'
  rack (1.6.4) lib/rack/handler/webrick.rb:88:in `service'
  /usr/local/rvm/rubies/ruby-2.3.0/lib/ruby/2.3.0/webrick/httpserver.rb:140:in `service'
  /usr/local/rvm/rubies/ruby-2.3.0/lib/ruby/2.3.0/webrick/httpserver.rb:96:in `run'
  /usr/local/rvm/rubies/ruby-2.3.0/lib/ruby/2.3.0/webrick/server.rb:296:in `block in start_thread'


  Rendered /usr/local/rvm/gems/ruby-2.3.0/gems/actionpack-4.2.4/lib/action_dispatch/middleware/templates/rescues/_trace.html.erb (2.3ms)
  Rendered /usr/local/rvm/gems/ruby-2.3.0/gems/actionpack-4.2.4/lib/action_dispatch/middleware/templates/routes/_route.html.erb (1.4ms)
  Rendered /usr/local/rvm/gems/ruby-2.3.0/gems/actionpack-4.2.4/lib/action_dispatch/middleware/templates/routes/_table.html.erb (19.2ms)
  Rendered /usr/local/rvm/gems/ruby-2.3.0/gems/actionpack-4.2.4/lib/action_dispatch/middleware/templates/rescues/_request_and_response.html.erb (26.2ms)
  Rendered /usr/local/rvm/gems/ruby-2.3.0/gems/actionpack-4.2.4/lib/action_dispatch/middleware/templates/rescues/routing_error.html.erb within rescues/layout (170.4ms)


Started GET "/users" for 65.191.113.32 at 2016-02-23 22:35:00 +0000
Cannot render console from 65.191.113.32! Allowed networks: 127.0.0.1, ::1, 127.0.0.0/127.255.255.255

ActionController::RoutingError (No route matches [GET] "/users"):
  actionpack (4.2.4) lib/action_dispatch/middleware/debug_exceptions.rb:21:in `call'
  web-console (2.3.0) lib/web_console/middleware.rb:20:in `block in call'
  web-console (2.3.0) lib/web_console/middleware.rb:18:in `catch'
  web-console (2.3.0) lib/web_console/middleware.rb:18:in `call'
  actionpack (4.2.4) lib/action_dispatch/middleware/show_exceptions.rb:30:in `call'
  railties (4.2.4) lib/rails/rack/logger.rb:38:in `call_app'
  railties (4.2.4) lib/rails/rack/logger.rb:20:in `block in call'
  activesupport (4.2.4) lib/active_support/tagged_logging.rb:68:in `block in tagged'
  activesupport (4.2.4) lib/active_support/tagged_logging.rb:26:in `tagged'
  activesupport (4.2.4) lib/active_support/tagged_logging.rb:68:in `tagged'
  railties (4.2.4) lib/rails/rack/logger.rb:20:in `call'
  actionpack (4.2.4) lib/action_dispatch/middleware/request_id.rb:21:in `call'
  rack (1.6.4) lib/rack/methodoverride.rb:22:in `call'
  rack (1.6.4) lib/rack/runtime.rb:18:in `call'
  activesupport (4.2.4) lib/active_support/cache/strategy/local_cache_middleware.rb:28:in `call'
  rack (1.6.4) lib/rack/lock.rb:17:in `call'
  actionpack (4.2.4) lib/action_dispatch/middleware/static.rb:116:in `call'
  rack (1.6.4) lib/rack/sendfile.rb:113:in `call'
  railties (4.2.4) lib/rails/engine.rb:518:in `call'
  railties (4.2.4) lib/rails/application.rb:165:in `call'
  rack (1.6.4) lib/rack/lock.rb:17:in `call'
  rack (1.6.4) lib/rack/content_length.rb:15:in `call'
  rack (1.6.4) lib/rack/handler/webrick.rb:88:in `service'
  /usr/local/rvm/rubies/ruby-2.3.0/lib/ruby/2.3.0/webrick/httpserver.rb:140:in `service'
  /usr/local/rvm/rubies/ruby-2.3.0/lib/ruby/2.3.0/webrick/httpserver.rb:96:in `run'
  /usr/local/rvm/rubies/ruby-2.3.0/lib/ruby/2.3.0/webrick/server.rb:296:in `block in start_thread'


  Rendered /usr/local/rvm/gems/ruby-2.3.0/gems/actionpack-4.2.4/lib/action_dispatch/middleware/templates/rescues/_trace.html.erb (2.3ms)
  Rendered /usr/local/rvm/gems/ruby-2.3.0/gems/actionpack-4.2.4/lib/action_dispatch/middleware/templates/routes/_route.html.erb (2.5ms)
  Rendered /usr/local/rvm/gems/ruby-2.3.0/gems/actionpack-4.2.4/lib/action_dispatch/middleware/templates/routes/_table.html.erb (1.4ms)
  Rendered /usr/local/rvm/gems/ruby-2.3.0/gems/actionpack-4.2.4/lib/action_dispatch/middleware/templates/rescues/_request_and_response.html.erb (3.9ms)
  Rendered /usr/local/rvm/gems/ruby-2.3.0/gems/actionpack-4.2.4/lib/action_dispatch/middleware/templates/rescues/routing_error.html.erb within rescues/layout (129.5ms)


Started GET "/" for 65.191.113.32 at 2016-02-23 22:35:28 +0000
Cannot render console from 65.191.113.32! Allowed networks: 127.0.0.1, ::1, 127.0.0.0/127.255.255.255
  [1m[36mActiveRecord::SchemaMigration Load (0.2ms)[0m  [1mSELECT "schema_migrations".* FROM "schema_migrations"[0m

ActionController::RoutingError (uninitialized constant GoalController):
  activesupport (4.2.4) lib/active_support/inflector/methods.rb:261:in `const_get'
  activesupport (4.2.4) lib/active_support/inflector/methods.rb:261:in `block in constantize'
  activesupport (4.2.4) lib/active_support/inflector/methods.rb:259:in `each'
  activesupport (4.2.4) lib/active_support/inflector/methods.rb:259:in `inject'
  activesupport (4.2.4) lib/active_support/inflector/methods.rb:259:in `constantize'
  actionpack (4.2.4) lib/action_dispatch/routing/route_set.rb:72:in `controller_reference'
  actionpack (4.2.4) lib/action_dispatch/routing/route_set.rb:62:in `controller'
  actionpack (4.2.4) lib/action_dispatch/routing/route_set.rb:41:in `serve'
  actionpack (4.2.4) lib/action_dispatch/journey/router.rb:43:in `block in serve'
  actionpack (4.2.4) lib/action_dispatch/journey/router.rb:30:in `each'
  actionpack (4.2.4) lib/action_dispatch/journey/router.rb:30:in `serve'
  actionpack (4.2.4) lib/action_dispatch/routing/route_set.rb:821:in `call'
  warden (1.2.6) lib/warden/manager.rb:35:in `block in call'
  warden (1.2.6) lib/warden/manager.rb:34:in `catch'
  warden (1.2.6) lib/warden/manager.rb:34:in `call'
  rack (1.6.4) lib/rack/etag.rb:24:in `call'
  rack (1.6.4) lib/rack/conditionalget.rb:25:in `call'
  rack (1.6.4) lib/rack/head.rb:13:in `call'
  actionpack (4.2.4) lib/action_dispatch/middleware/params_parser.rb:27:in `call'
  actionpack (4.2.4) lib/action_dispatch/middleware/flash.rb:260:in `call'
  rack (1.6.4) lib/rack/session/abstract/id.rb:225:in `context'
  rack (1.6.4) lib/rack/session/abstract/id.rb:220:in `call'
  actionpack (4.2.4) lib/action_dispatch/middleware/cookies.rb:560:in `call'
  activerecord (4.2.4) lib/active_record/query_cache.rb:36:in `call'
  activerecord (4.2.4) lib/active_record/connection_adapters/abstract/connection_pool.rb:653:in `call'
  activerecord (4.2.4) lib/active_record/migration.rb:377:in `call'
  actionpack (4.2.4) lib/action_dispatch/middleware/callbacks.rb:29:in `block in call'
  activesupport (4.2.4) lib/active_support/callbacks.rb:88:in `__run_callbacks__'
  activesupport (4.2.4) lib/active_support/callbacks.rb:778:in `_run_call_callbacks'
  activesupport (4.2.4) lib/active_support/callbacks.rb:81:in `run_callbacks'
  actionpack (4.2.4) lib/action_dispatch/middleware/callbacks.rb:27:in `call'
  actionpack (4.2.4) lib/action_dispatch/middleware/reloader.rb:73:in `call'
  actionpack (4.2.4) lib/action_dispatch/middleware/remote_ip.rb:78:in `call'
  actionpack (4.2.4) lib/action_dispatch/middleware/debug_exceptions.rb:17:in `call'
  web-console (2.3.0) lib/web_console/middleware.rb:20:in `block in call'
  web-console (2.3.0) lib/web_console/middleware.rb:18:in `catch'
  web-console (2.3.0) lib/web_console/middleware.rb:18:in `call'
  actionpack (4.2.4) lib/action_dispatch/middleware/show_exceptions.rb:30:in `call'
  railties (4.2.4) lib/rails/rack/logger.rb:38:in `call_app'
  railties (4.2.4) lib/rails/rack/logger.rb:20:in `block in call'
  activesupport (4.2.4) lib/active_support/tagged_logging.rb:68:in `block in tagged'
  activesupport (4.2.4) lib/active_support/tagged_logging.rb:26:in `tagged'
  activesupport (4.2.4) lib/active_support/tagged_logging.rb:68:in `tagged'
  railties (4.2.4) lib/rails/rack/logger.rb:20:in `call'
  actionpack (4.2.4) lib/action_dispatch/middleware/request_id.rb:21:in `call'
  rack (1.6.4) lib/rack/methodoverride.rb:22:in `call'
  rack (1.6.4) lib/rack/runtime.rb:18:in `call'
  activesupport (4.2.4) lib/active_support/cache/strategy/local_cache_middleware.rb:28:in `call'
  rack (1.6.4) lib/rack/lock.rb:17:in `call'
  actionpack (4.2.4) lib/action_dispatch/middleware/static.rb:116:in `call'
  rack (1.6.4) lib/rack/sendfile.rb:113:in `call'
  railties (4.2.4) lib/rails/engine.rb:518:in `call'
  railties (4.2.4) lib/rails/application.rb:165:in `call'
  rack (1.6.4) lib/rack/lock.rb:17:in `call'
  rack (1.6.4) lib/rack/content_length.rb:15:in `call'
  rack (1.6.4) lib/rack/handler/webrick.rb:88:in `service'
  /usr/local/rvm/rubies/ruby-2.3.0/lib/ruby/2.3.0/webrick/httpserver.rb:140:in `service'
  /usr/local/rvm/rubies/ruby-2.3.0/lib/ruby/2.3.0/webrick/httpserver.rb:96:in `run'
  /usr/local/rvm/rubies/ruby-2.3.0/lib/ruby/2.3.0/webrick/server.rb:296:in `block in start_thread'


  Rendered /usr/local/rvm/gems/ruby-2.3.0/gems/actionpack-4.2.4/lib/action_dispatch/middleware/templates/rescues/_trace.html.erb (2.7ms)
  Rendered /usr/local/rvm/gems/ruby-2.3.0/gems/actionpack-4.2.4/lib/action_dispatch/middleware/templates/routes/_route.html.erb (2.2ms)
  Rendered /usr/local/rvm/gems/ruby-2.3.0/gems/actionpack-4.2.4/lib/action_dispatch/middleware/templates/routes/_table.html.erb (35.9ms)
  Rendered /usr/local/rvm/gems/ruby-2.3.0/gems/actionpack-4.2.4/lib/action_dispatch/middleware/templates/rescues/_request_and_response.html.erb (28.9ms)
  Rendered /usr/local/rvm/gems/ruby-2.3.0/gems/actionpack-4.2.4/lib/action_dispatch/middleware/templates/rescues/routing_error.html.erb within rescues/layout (194.8ms)


Started GET "/" for 65.191.113.32 at 2016-02-23 22:36:13 +0000
Cannot render console from 65.191.113.32! Allowed networks: 127.0.0.1, ::1, 127.0.0.0/127.255.255.255
Processing by GoalsController#individual as HTML
Completed 401 Unauthorized in 15ms (ActiveRecord: 0.0ms)


Started GET "/users/sign_in" for 65.191.113.32 at 2016-02-23 22:36:13 +0000
Cannot render console from 65.191.113.32! Allowed networks: 127.0.0.1, ::1, 127.0.0.0/127.255.255.255
Processing by Devise::SessionsController#new as HTML
  Rendered devise/shared/_links.html.erb (3.8ms)
  Rendered devise/sessions/new.html.erb within layouts/application (46.9ms)
  Rendered layouts/_nav.html.erb (0.8ms)
Completed 200 OK in 1823ms (Views: 1798.2ms | ActiveRecord: 1.1ms)


Started GET "/assets/goal.self-e3b0c44298fc1c149afbf4c8996fb92427ae41e4649b934ca495991b7852b855.css?body=1" for 65.191.113.32 at 2016-02-23 22:36:15 +0000
Cannot render console from 65.191.113.32! Allowed networks: 127.0.0.1, ::1, 127.0.0.0/127.255.255.255


Started GET "/assets/application.self-3b8dabdc891efe46b9a144b400ad69e37d7e5876bdc39dee783419a69d7ca819.js?body=1" for 65.191.113.32 at 2016-02-23 22:36:15 +0000
Cannot render console from 65.191.113.32! Allowed networks: 127.0.0.1, ::1, 127.0.0.0/127.255.255.255


Started GET "/assets/application.self-e80e8f2318043e8af94dddc2adad5a4f09739a8ebb323b3ab31cd71d45fd9113.css?body=1" for 65.191.113.32 at 2016-02-23 22:36:15 +0000
Cannot render console from 65.191.113.32! Allowed networks: 127.0.0.1, ::1, 127.0.0.0/127.255.255.255


Started GET "/assets/jquery_ujs.self-d602bdfe68ffc63b9f9cc512872aa3cfff046228a0a36e90dd476e8ef54c1b09.js?body=1" for 65.191.113.32 at 2016-02-23 22:36:15 +0000
Cannot render console from 65.191.113.32! Allowed networks: 127.0.0.1, ::1, 127.0.0.0/127.255.255.255


Started GET "/assets/turbolinks.self-c37727e9bd6b2735da5c311aa83fead54ed0be6cc8bd9a65309e9c5abe2cbfff.js?body=1" for 65.191.113.32 at 2016-02-23 22:36:15 +0000
Cannot render console from 65.191.113.32! Allowed networks: 127.0.0.1, ::1, 127.0.0.0/127.255.255.255


Started GET "/assets/jquery.self-c64a74367bda6ef8b860f19e74df08927ca99d2be2ac934e9e92d5fd361e0da4.js?body=1" for 65.191.113.32 at 2016-02-23 22:36:15 +0000
Cannot render console from 65.191.113.32! Allowed networks: 127.0.0.1, ::1, 127.0.0.0/127.255.255.255


Started GET "/assets/goal.self-877aef30ae1b040ab8a3aba4e3e309a11d7f2612f44dde450b5c157aa5f95c05.js?body=1" for 65.191.113.32 at 2016-02-23 22:36:15 +0000
Cannot render console from 65.191.113.32! Allowed networks: 127.0.0.1, ::1, 127.0.0.0/127.255.255.255


Started POST "/users/sign_in" for 65.191.113.32 at 2016-02-23 22:36:33 +0000
Cannot render console from 65.191.113.32! Allowed networks: 127.0.0.1, ::1, 127.0.0.0/127.255.255.255
Processing by Devise::SessionsController#create as HTML
  Parameters: {"utf8"=>"✓", "authenticity_token"=>"HM0+DbpF/CooOSMa1PegQdrA6Bu4FvySALKU1TPJ6WuxQBujfauUKulBHtOIR8cmoM0t5G5z63uAjkeQgLZfAA==", "user"=>{"email"=>"dude@dude.com", "password"=>"[FILTERED]", "remember_me"=>"0"}, "commit"=>"Log in"}
Completed 401 Unauthorized in 1ms (ActiveRecord: 0.0ms)
Processing by Devise::SessionsController#new as HTML
  Parameters: {"utf8"=>"✓", "authenticity_token"=>"HM0+DbpF/CooOSMa1PegQdrA6Bu4FvySALKU1TPJ6WuxQBujfauUKulBHtOIR8cmoM0t5G5z63uAjkeQgLZfAA==", "user"=>{"email"=>"dude@dude.com", "password"=>"[FILTERED]", "remember_me"=>"0"}, "commit"=>"Log in"}
  Rendered devise/shared/_links.html.erb (0.5ms)
  Rendered devise/sessions/new.html.erb within layouts/application (8.6ms)
  Rendered layouts/_nav.html.erb (0.2ms)
Completed 200 OK in 48ms (Views: 46.4ms | ActiveRecord: 0.0ms)
  [1m[36mActiveRecord::SchemaMigration Load (0.1ms)[0m  [1mSELECT "schema_migrations".* FROM "schema_migrations"[0m
Migrating to AddBioLocUnToUsers (20160223232228)
  [1m[35m (1.5ms)[0m  begin transaction
  [1m[36mSQL (1.2ms)[0m  [1mINSERT INTO "schema_migrations" ("version") VALUES (?)[0m  [["version", "20160223232228"]]
  [1m[35m (15.4ms)[0m  commit transaction
  [1m[36mActiveRecord::SchemaMigration Load (0.2ms)[0m  [1mSELECT "schema_migrations".* FROM "schema_migrations"[0m
  [1m[35m (0.3ms)[0m              SELECT sql
            FROM sqlite_master
            WHERE name='index_goals_on_user_id' AND type='index'
            UNION ALL
            SELECT sql
            FROM sqlite_temp_master
            WHERE name='index_goals_on_user_id' AND type='index'

  [1m[36m (0.2ms)[0m  [1m            SELECT sql
            FROM sqlite_master
            WHERE name='index_users_on_reset_password_token' AND type='index'
            UNION ALL
            SELECT sql
            FROM sqlite_temp_master
            WHERE name='index_users_on_reset_password_token' AND type='index'
[0m
  [1m[35m (0.2ms)[0m              SELECT sql
            FROM sqlite_master
            WHERE name='index_users_on_email' AND type='index'
            UNION ALL
            SELECT sql
            FROM sqlite_temp_master
            WHERE name='index_users_on_email' AND type='index'



Started POST "/users/sign_in" for 65.191.113.32 at 2016-02-23 23:25:47 +0000
Cannot render console from 65.191.113.32! Allowed networks: 127.0.0.1, ::1, 127.0.0.0/127.255.255.255
  [1m[35mActiveRecord::SchemaMigration Load (0.2ms)[0m  SELECT "schema_migrations".* FROM "schema_migrations"
Processing by Devise::SessionsController#create as HTML
  Parameters: {"utf8"=>"✓", "authenticity_token"=>"icJSWjaM+Z2pXQXeuxBi8SZNsnAhIlaBo4xzGGt8TLwkT3f08WKRnWglOBfnoAWWXEB3j/dHQWgjsKBd2AP61w==", "user"=>{"email"=>"user@email.com", "password"=>"[FILTERED]", "remember_me"=>"0"}, "commit"=>"Log in"}
  [1m[36mUser Load (0.2ms)[0m  [1mSELECT  "users".* FROM "users" WHERE "users"."email" = ?  ORDER BY "users"."id" ASC LIMIT 1[0m  [["email", "user@email.com"]]
Completed 401 Unauthorized in 39ms (ActiveRecord: 0.8ms)
Processing by Devise::SessionsController#new as HTML
  Parameters: {"utf8"=>"✓", "authenticity_token"=>"icJSWjaM+Z2pXQXeuxBi8SZNsnAhIlaBo4xzGGt8TLwkT3f08WKRnWglOBfnoAWWXEB3j/dHQWgjsKBd2AP61w==", "user"=>{"email"=>"user@email.com", "password"=>"[FILTERED]", "remember_me"=>"0"}, "commit"=>"Log in"}
  Rendered devise/shared/_links.html.erb (0.4ms)
  Rendered devise/sessions/new.html.erb within layouts/application (4.0ms)
  Rendered layouts/_nav.html.erb (0.1ms)
Completed 200 OK in 151ms (Views: 32.9ms | ActiveRecord: 0.0ms)


Started GET "/users/sign_up" for 65.191.113.32 at 2016-02-23 23:25:59 +0000
Cannot render console from 65.191.113.32! Allowed networks: 127.0.0.1, ::1, 127.0.0.0/127.255.255.255
Processing by Devise::RegistrationsController#new as HTML
  Rendered devise/shared/_links.html.erb (0.3ms)
  Rendered devise/registrations/new.html.erb within layouts/application (3.8ms)
  Rendered layouts/_nav.html.erb (0.2ms)
Completed 200 OK in 34ms (Views: 33.0ms | ActiveRecord: 0.0ms)


Started POST "/users" for 65.191.113.32 at 2016-02-23 23:26:12 +0000
Cannot render console from 65.191.113.32! Allowed networks: 127.0.0.1, ::1, 127.0.0.0/127.255.255.255
Processing by Devise::RegistrationsController#create as HTML
  Parameters: {"utf8"=>"✓", "authenticity_token"=>"nw2EjHTsrCvLeJRKjbg1wlWAz5QhVfGswDEbeXbfLkQygKEiswLEKwoAqYPRCFKlL40Ka/cw5kVADcg8xaCYLw==", "user"=>{"email"=>"dude@dude.com", "password"=>"[FILTERED]", "password_confirmation"=>"[FILTERED]"}, "commit"=>"Sign up"}
  [1m[35m (0.2ms)[0m  begin transaction
  [1m[36mUser Exists (0.2ms)[0m  [1mSELECT  1 AS one FROM "users" WHERE "users"."email" = 'dude@dude.com' LIMIT 1[0m
  [1m[35m (0.1ms)[0m  rollback transaction
  Rendered devise/shared/_links.html.erb (0.3ms)
  Rendered devise/registrations/new.html.erb within layouts/application (5.1ms)
  Rendered layouts/_nav.html.erb (0.2ms)
Completed 200 OK in 234ms (Views: 31.6ms | ActiveRecord: 0.4ms)


Started POST "/users" for 65.191.113.32 at 2016-02-23 23:26:23 +0000
Cannot render console from 65.191.113.32! Allowed networks: 127.0.0.1, ::1, 127.0.0.0/127.255.255.255
Processing by Devise::RegistrationsController#create as HTML
  Parameters: {"utf8"=>"✓", "authenticity_token"=>"y1fP292vAAd4UPZoHR6tztv2GzqvlyVpU0+1eAtP6bpm2up1GkFoB7koy6FBrsqpofvexXnyMoDTc2Y9uDBf0Q==", "user"=>{"email"=>"dude@dude.com", "password"=>"[FILTERED]", "password_confirmation"=>"[FILTERED]"}, "commit"=>"Sign up"}
  [1m[36m (0.1ms)[0m  [1mbegin transaction[0m
  [1m[35mUser Exists (0.2ms)[0m  SELECT  1 AS one FROM "users" WHERE "users"."email" = 'dude@dude.com' LIMIT 1
  [1m[36mSQL (0.4ms)[0m  [1mINSERT INTO "users" ("email", "encrypted_password", "created_at", "updated_at") VALUES (?, ?, ?, ?)[0m  [["email", "dude@dude.com"], ["encrypted_password", "$2a$10$tMIWHE5qmzMCRPX3F0gSgupf6WLNHmS59d8IF8iBukX6.WCOp4HuS"], ["created_at", "2016-02-23 23:26:24.150945"], ["updated_at", "2016-02-23 23:26:24.150945"]]
  [1m[35m (8.9ms)[0m  commit transaction
  [1m[36m (0.1ms)[0m  [1mbegin transaction[0m
  [1m[35mSQL (0.3ms)[0m  UPDATE "users" SET "last_sign_in_at" = ?, "current_sign_in_at" = ?, "last_sign_in_ip" = ?, "current_sign_in_ip" = ?, "sign_in_count" = ?, "updated_at" = ? WHERE "users"."id" = ?  [["last_sign_in_at", "2016-02-23 23:26:24.162161"], ["current_sign_in_at", "2016-02-23 23:26:24.162161"], ["last_sign_in_ip", "65.191.113.32"], ["current_sign_in_ip", "65.191.113.32"], ["sign_in_count", 1], ["updated_at", "2016-02-23 23:26:24.162819"], ["id", 1]]
  [1m[36m (6.7ms)[0m  [1mcommit transaction[0m
Redirected to https://accountability1-mnhasapis.c9users.io/
Completed 302 Found in 274ms (ActiveRecord: 16.7ms)


Started GET "/" for 65.191.113.32 at 2016-02-23 23:26:24 +0000
Cannot render console from 65.191.113.32! Allowed networks: 127.0.0.1, ::1, 127.0.0.0/127.255.255.255
Processing by GoalsController#individual as HTML
  [1m[35mUser Load (0.3ms)[0m  SELECT  "users".* FROM "users" WHERE "users"."id" = ?  ORDER BY "users"."id" ASC LIMIT 1  [["id", 1]]
Completed 500 Internal Server Error in 7ms (ActiveRecord: 0.3ms)

ActionView::MissingTemplate (Missing template goals/individual, application/individual with {:locale=>[:en], :formats=>[:html], :variants=>[], :handlers=>[:erb, :builder, :raw, :ruby, :coffee, :jbuilder]}. Searched in:
  * "/home/ubuntu/workspace/app/views"
  * "/usr/local/rvm/gems/ruby-2.3.0/gems/devise-3.5.6/app/views"
):
  actionview (4.2.4) lib/action_view/path_set.rb:46:in `find'
  actionview (4.2.4) lib/action_view/lookup_context.rb:121:in `find'
  actionview (4.2.4) lib/action_view/renderer/abstract_renderer.rb:18:in `find_template'
  actionview (4.2.4) lib/action_view/renderer/template_renderer.rb:40:in `determine_template'
  actionview (4.2.4) lib/action_view/renderer/template_renderer.rb:8:in `render'
  actionview (4.2.4) lib/action_view/renderer/renderer.rb:42:in `render_template'
  actionview (4.2.4) lib/action_view/renderer/renderer.rb:23:in `render'
  actionview (4.2.4) lib/action_view/rendering.rb:100:in `_render_template'
  actionpack (4.2.4) lib/action_controller/metal/streaming.rb:217:in `_render_template'
  actionview (4.2.4) lib/action_view/rendering.rb:83:in `render_to_body'
  actionpack (4.2.4) lib/action_controller/metal/rendering.rb:32:in `render_to_body'
  actionpack (4.2.4) lib/action_controller/metal/renderers.rb:37:in `render_to_body'
  actionpack (4.2.4) lib/abstract_controller/rendering.rb:25:in `render'
  actionpack (4.2.4) lib/action_controller/metal/rendering.rb:16:in `render'
  actionpack (4.2.4) lib/action_controller/metal/instrumentation.rb:44:in `block (2 levels) in render'
  activesupport (4.2.4) lib/active_support/core_ext/benchmark.rb:12:in `block in ms'
  /usr/local/rvm/rubies/ruby-2.3.0/lib/ruby/2.3.0/benchmark.rb:308:in `realtime'
  activesupport (4.2.4) lib/active_support/core_ext/benchmark.rb:12:in `ms'
  actionpack (4.2.4) lib/action_controller/metal/instrumentation.rb:44:in `block in render'
  actionpack (4.2.4) lib/action_controller/metal/instrumentation.rb:87:in `cleanup_view_runtime'
  activerecord (4.2.4) lib/active_record/railties/controller_runtime.rb:25:in `cleanup_view_runtime'
  actionpack (4.2.4) lib/action_controller/metal/instrumentation.rb:43:in `render'
  actionpack (4.2.4) lib/action_controller/metal/implicit_render.rb:10:in `default_render'
  actionpack (4.2.4) lib/action_controller/metal/implicit_render.rb:5:in `send_action'
  actionpack (4.2.4) lib/abstract_controller/base.rb:198:in `process_action'
  actionpack (4.2.4) lib/action_controller/metal/rendering.rb:10:in `process_action'
  actionpack (4.2.4) lib/abstract_controller/callbacks.rb:20:in `block in process_action'
  activesupport (4.2.4) lib/active_support/callbacks.rb:117:in `call'
  activesupport (4.2.4) lib/active_support/callbacks.rb:555:in `block (2 levels) in compile'
  activesupport (4.2.4) lib/active_support/callbacks.rb:505:in `call'
  activesupport (4.2.4) lib/active_support/callbacks.rb:92:in `__run_callbacks__'
  activesupport (4.2.4) lib/active_support/callbacks.rb:778:in `_run_process_action_callbacks'
  activesupport (4.2.4) lib/active_support/callbacks.rb:81:in `run_callbacks'
  actionpack (4.2.4) lib/abstract_controller/callbacks.rb:19:in `process_action'
  actionpack (4.2.4) lib/action_controller/metal/rescue.rb:29:in `process_action'
  actionpack (4.2.4) lib/action_controller/metal/instrumentation.rb:32:in `block in process_action'
  activesupport (4.2.4) lib/active_support/notifications.rb:164:in `block in instrument'
  activesupport (4.2.4) lib/active_support/notifications/instrumenter.rb:20:in `instrument'
  activesupport (4.2.4) lib/active_support/notifications.rb:164:in `instrument'
  actionpack (4.2.4) lib/action_controller/metal/instrumentation.rb:30:in `process_action'
  actionpack (4.2.4) lib/action_controller/metal/params_wrapper.rb:250:in `process_action'
  activerecord (4.2.4) lib/active_record/railties/controller_runtime.rb:18:in `process_action'
  actionpack (4.2.4) lib/abstract_controller/base.rb:137:in `process'
  actionview (4.2.4) lib/action_view/rendering.rb:30:in `process'
  actionpack (4.2.4) lib/action_controller/metal.rb:196:in `dispatch'
  actionpack (4.2.4) lib/action_controller/metal/rack_delegation.rb:13:in `dispatch'
  actionpack (4.2.4) lib/action_controller/metal.rb:237:in `block in action'
  actionpack (4.2.4) lib/action_dispatch/routing/route_set.rb:76:in `dispatch'
  actionpack (4.2.4) lib/action_dispatch/routing/route_set.rb:45:in `serve'
  actionpack (4.2.4) lib/action_dispatch/journey/router.rb:43:in `block in serve'
  actionpack (4.2.4) lib/action_dispatch/journey/router.rb:30:in `each'
  actionpack (4.2.4) lib/action_dispatch/journey/router.rb:30:in `serve'
  actionpack (4.2.4) lib/action_dispatch/routing/route_set.rb:821:in `call'
  warden (1.2.6) lib/warden/manager.rb:35:in `block in call'
  warden (1.2.6) lib/warden/manager.rb:34:in `catch'
  warden (1.2.6) lib/warden/manager.rb:34:in `call'
  rack (1.6.4) lib/rack/etag.rb:24:in `call'
  rack (1.6.4) lib/rack/conditionalget.rb:25:in `call'
  rack (1.6.4) lib/rack/head.rb:13:in `call'
  actionpack (4.2.4) lib/action_dispatch/middleware/params_parser.rb:27:in `call'
  actionpack (4.2.4) lib/action_dispatch/middleware/flash.rb:260:in `call'
  rack (1.6.4) lib/rack/session/abstract/id.rb:225:in `context'
  rack (1.6.4) lib/rack/session/abstract/id.rb:220:in `call'
  actionpack (4.2.4) lib/action_dispatch/middleware/cookies.rb:560:in `call'
  activerecord (4.2.4) lib/active_record/query_cache.rb:36:in `call'
  activerecord (4.2.4) lib/active_record/connection_adapters/abstract/connection_pool.rb:653:in `call'
  activerecord (4.2.4) lib/active_record/migration.rb:377:in `call'
  actionpack (4.2.4) lib/action_dispatch/middleware/callbacks.rb:29:in `block in call'
  activesupport (4.2.4) lib/active_support/callbacks.rb:88:in `__run_callbacks__'
  activesupport (4.2.4) lib/active_support/callbacks.rb:778:in `_run_call_callbacks'
  activesupport (4.2.4) lib/active_support/callbacks.rb:81:in `run_callbacks'
  actionpack (4.2.4) lib/action_dispatch/middleware/callbacks.rb:27:in `call'
  actionpack (4.2.4) lib/action_dispatch/middleware/reloader.rb:73:in `call'
  actionpack (4.2.4) lib/action_dispatch/middleware/remote_ip.rb:78:in `call'
  actionpack (4.2.4) lib/action_dispatch/middleware/debug_exceptions.rb:17:in `call'
  web-console (2.3.0) lib/web_console/middleware.rb:20:in `block in call'
  web-console (2.3.0) lib/web_console/middleware.rb:18:in `catch'
  web-console (2.3.0) lib/web_console/middleware.rb:18:in `call'
  actionpack (4.2.4) lib/action_dispatch/middleware/show_exceptions.rb:30:in `call'
  railties (4.2.4) lib/rails/rack/logger.rb:38:in `call_app'
  railties (4.2.4) lib/rails/rack/logger.rb:20:in `block in call'
  activesupport (4.2.4) lib/active_support/tagged_logging.rb:68:in `block in tagged'
  activesupport (4.2.4) lib/active_support/tagged_logging.rb:26:in `tagged'
  activesupport (4.2.4) lib/active_support/tagged_logging.rb:68:in `tagged'
  railties (4.2.4) lib/rails/rack/logger.rb:20:in `call'
  actionpack (4.2.4) lib/action_dispatch/middleware/request_id.rb:21:in `call'
  rack (1.6.4) lib/rack/methodoverride.rb:22:in `call'
  rack (1.6.4) lib/rack/runtime.rb:18:in `call'
  activesupport (4.2.4) lib/active_support/cache/strategy/local_cache_middleware.rb:28:in `call'
  rack (1.6.4) lib/rack/lock.rb:17:in `call'
  actionpack (4.2.4) lib/action_dispatch/middleware/static.rb:116:in `call'
  rack (1.6.4) lib/rack/sendfile.rb:113:in `call'
  railties (4.2.4) lib/rails/engine.rb:518:in `call'
  railties (4.2.4) lib/rails/application.rb:165:in `call'
  rack (1.6.4) lib/rack/lock.rb:17:in `call'
  rack (1.6.4) lib/rack/content_length.rb:15:in `call'
  rack (1.6.4) lib/rack/handler/webrick.rb:88:in `service'
  /usr/local/rvm/rubies/ruby-2.3.0/lib/ruby/2.3.0/webrick/httpserver.rb:140:in `service'
  /usr/local/rvm/rubies/ruby-2.3.0/lib/ruby/2.3.0/webrick/httpserver.rb:96:in `run'
  /usr/local/rvm/rubies/ruby-2.3.0/lib/ruby/2.3.0/webrick/server.rb:296:in `block in start_thread'


  Rendered /usr/local/rvm/gems/ruby-2.3.0/gems/actionpack-4.2.4/lib/action_dispatch/middleware/templates/rescues/_source.erb (4.6ms)
  Rendered /usr/local/rvm/gems/ruby-2.3.0/gems/actionpack-4.2.4/lib/action_dispatch/middleware/templates/rescues/_trace.html.erb (3.5ms)
  Rendered /usr/local/rvm/gems/ruby-2.3.0/gems/actionpack-4.2.4/lib/action_dispatch/middleware/templates/rescues/_request_and_response.html.erb (1.5ms)
  Rendered /usr/local/rvm/gems/ruby-2.3.0/gems/actionpack-4.2.4/lib/action_dispatch/middleware/templates/rescues/missing_template.html.erb within rescues/layout (83.3ms)


Started GET "/" for 65.191.113.32 at 2016-02-23 23:27:49 +0000
Cannot render console from 65.191.113.32! Allowed networks: 127.0.0.1, ::1, 127.0.0.0/127.255.255.255
Processing by GoalsController#individual as HTML
  [1m[36mUser Load (0.2ms)[0m  [1mSELECT  "users".* FROM "users" WHERE "users"."id" = ?  ORDER BY "users"."id" ASC LIMIT 1[0m  [["id", 1]]
Completed 500 Internal Server Error in 6ms (ActiveRecord: 0.2ms)

ActionView::MissingTemplate (Missing template goals/individual, application/individual with {:locale=>[:en], :formats=>[:html], :variants=>[], :handlers=>[:erb, :builder, :raw, :ruby, :coffee, :jbuilder]}. Searched in:
  * "/home/ubuntu/workspace/app/views"
  * "/usr/local/rvm/gems/ruby-2.3.0/gems/devise-3.5.6/app/views"
):
  actionview (4.2.4) lib/action_view/path_set.rb:46:in `find'
  actionview (4.2.4) lib/action_view/lookup_context.rb:121:in `find'
  actionview (4.2.4) lib/action_view/renderer/abstract_renderer.rb:18:in `find_template'
  actionview (4.2.4) lib/action_view/renderer/template_renderer.rb:40:in `determine_template'
  actionview (4.2.4) lib/action_view/renderer/template_renderer.rb:8:in `render'
  actionview (4.2.4) lib/action_view/renderer/renderer.rb:42:in `render_template'
  actionview (4.2.4) lib/action_view/renderer/renderer.rb:23:in `render'
  actionview (4.2.4) lib/action_view/rendering.rb:100:in `_render_template'
  actionpack (4.2.4) lib/action_controller/metal/streaming.rb:217:in `_render_template'
  actionview (4.2.4) lib/action_view/rendering.rb:83:in `render_to_body'
  actionpack (4.2.4) lib/action_controller/metal/rendering.rb:32:in `render_to_body'
  actionpack (4.2.4) lib/action_controller/metal/renderers.rb:37:in `render_to_body'
  actionpack (4.2.4) lib/abstract_controller/rendering.rb:25:in `render'
  actionpack (4.2.4) lib/action_controller/metal/rendering.rb:16:in `render'
  actionpack (4.2.4) lib/action_controller/metal/instrumentation.rb:44:in `block (2 levels) in render'
  activesupport (4.2.4) lib/active_support/core_ext/benchmark.rb:12:in `block in ms'
  /usr/local/rvm/rubies/ruby-2.3.0/lib/ruby/2.3.0/benchmark.rb:308:in `realtime'
  activesupport (4.2.4) lib/active_support/core_ext/benchmark.rb:12:in `ms'
  actionpack (4.2.4) lib/action_controller/metal/instrumentation.rb:44:in `block in render'
  actionpack (4.2.4) lib/action_controller/metal/instrumentation.rb:87:in `cleanup_view_runtime'
  activerecord (4.2.4) lib/active_record/railties/controller_runtime.rb:25:in `cleanup_view_runtime'
  actionpack (4.2.4) lib/action_controller/metal/instrumentation.rb:43:in `render'
  actionpack (4.2.4) lib/action_controller/metal/implicit_render.rb:10:in `default_render'
  actionpack (4.2.4) lib/action_controller/metal/implicit_render.rb:5:in `send_action'
  actionpack (4.2.4) lib/abstract_controller/base.rb:198:in `process_action'
  actionpack (4.2.4) lib/action_controller/metal/rendering.rb:10:in `process_action'
  actionpack (4.2.4) lib/abstract_controller/callbacks.rb:20:in `block in process_action'
  activesupport (4.2.4) lib/active_support/callbacks.rb:117:in `call'
  activesupport (4.2.4) lib/active_support/callbacks.rb:555:in `block (2 levels) in compile'
  activesupport (4.2.4) lib/active_support/callbacks.rb:505:in `call'
  activesupport (4.2.4) lib/active_support/callbacks.rb:92:in `__run_callbacks__'
  activesupport (4.2.4) lib/active_support/callbacks.rb:778:in `_run_process_action_callbacks'
  activesupport (4.2.4) lib/active_support/callbacks.rb:81:in `run_callbacks'
  actionpack (4.2.4) lib/abstract_controller/callbacks.rb:19:in `process_action'
  actionpack (4.2.4) lib/action_controller/metal/rescue.rb:29:in `process_action'
  actionpack (4.2.4) lib/action_controller/metal/instrumentation.rb:32:in `block in process_action'
  activesupport (4.2.4) lib/active_support/notifications.rb:164:in `block in instrument'
  activesupport (4.2.4) lib/active_support/notifications/instrumenter.rb:20:in `instrument'
  activesupport (4.2.4) lib/active_support/notifications.rb:164:in `instrument'
  actionpack (4.2.4) lib/action_controller/metal/instrumentation.rb:30:in `process_action'
  actionpack (4.2.4) lib/action_controller/metal/params_wrapper.rb:250:in `process_action'
  activerecord (4.2.4) lib/active_record/railties/controller_runtime.rb:18:in `process_action'
  actionpack (4.2.4) lib/abstract_controller/base.rb:137:in `process'
  actionview (4.2.4) lib/action_view/rendering.rb:30:in `process'
  actionpack (4.2.4) lib/action_controller/metal.rb:196:in `dispatch'
  actionpack (4.2.4) lib/action_controller/metal/rack_delegation.rb:13:in `dispatch'
  actionpack (4.2.4) lib/action_controller/metal.rb:237:in `block in action'
  actionpack (4.2.4) lib/action_dispatch/routing/route_set.rb:76:in `dispatch'
  actionpack (4.2.4) lib/action_dispatch/routing/route_set.rb:45:in `serve'
  actionpack (4.2.4) lib/action_dispatch/journey/router.rb:43:in `block in serve'
  actionpack (4.2.4) lib/action_dispatch/journey/router.rb:30:in `each'
  actionpack (4.2.4) lib/action_dispatch/journey/router.rb:30:in `serve'
  actionpack (4.2.4) lib/action_dispatch/routing/route_set.rb:821:in `call'
  warden (1.2.6) lib/warden/manager.rb:35:in `block in call'
  warden (1.2.6) lib/warden/manager.rb:34:in `catch'
  warden (1.2.6) lib/warden/manager.rb:34:in `call'
  rack (1.6.4) lib/rack/etag.rb:24:in `call'
  rack (1.6.4) lib/rack/conditionalget.rb:25:in `call'
  rack (1.6.4) lib/rack/head.rb:13:in `call'
  actionpack (4.2.4) lib/action_dispatch/middleware/params_parser.rb:27:in `call'
  actionpack (4.2.4) lib/action_dispatch/middleware/flash.rb:260:in `call'
  rack (1.6.4) lib/rack/session/abstract/id.rb:225:in `context'
  rack (1.6.4) lib/rack/session/abstract/id.rb:220:in `call'
  actionpack (4.2.4) lib/action_dispatch/middleware/cookies.rb:560:in `call'
  activerecord (4.2.4) lib/active_record/query_cache.rb:36:in `call'
  activerecord (4.2.4) lib/active_record/connection_adapters/abstract/connection_pool.rb:653:in `call'
  activerecord (4.2.4) lib/active_record/migration.rb:377:in `call'
  actionpack (4.2.4) lib/action_dispatch/middleware/callbacks.rb:29:in `block in call'
  activesupport (4.2.4) lib/active_support/callbacks.rb:88:in `__run_callbacks__'
  activesupport (4.2.4) lib/active_support/callbacks.rb:778:in `_run_call_callbacks'
  activesupport (4.2.4) lib/active_support/callbacks.rb:81:in `run_callbacks'
  actionpack (4.2.4) lib/action_dispatch/middleware/callbacks.rb:27:in `call'
  actionpack (4.2.4) lib/action_dispatch/middleware/reloader.rb:73:in `call'
  actionpack (4.2.4) lib/action_dispatch/middleware/remote_ip.rb:78:in `call'
  actionpack (4.2.4) lib/action_dispatch/middleware/debug_exceptions.rb:17:in `call'
  web-console (2.3.0) lib/web_console/middleware.rb:20:in `block in call'
  web-console (2.3.0) lib/web_console/middleware.rb:18:in `catch'
  web-console (2.3.0) lib/web_console/middleware.rb:18:in `call'
  actionpack (4.2.4) lib/action_dispatch/middleware/show_exceptions.rb:30:in `call'
  railties (4.2.4) lib/rails/rack/logger.rb:38:in `call_app'
  railties (4.2.4) lib/rails/rack/logger.rb:20:in `block in call'
  activesupport (4.2.4) lib/active_support/tagged_logging.rb:68:in `block in tagged'
  activesupport (4.2.4) lib/active_support/tagged_logging.rb:26:in `tagged'
  activesupport (4.2.4) lib/active_support/tagged_logging.rb:68:in `tagged'
  railties (4.2.4) lib/rails/rack/logger.rb:20:in `call'
  actionpack (4.2.4) lib/action_dispatch/middleware/request_id.rb:21:in `call'
  rack (1.6.4) lib/rack/methodoverride.rb:22:in `call'
  rack (1.6.4) lib/rack/runtime.rb:18:in `call'
  activesupport (4.2.4) lib/active_support/cache/strategy/local_cache_middleware.rb:28:in `call'
  rack (1.6.4) lib/rack/lock.rb:17:in `call'
  actionpack (4.2.4) lib/action_dispatch/middleware/static.rb:116:in `call'
  rack (1.6.4) lib/rack/sendfile.rb:113:in `call'
  railties (4.2.4) lib/rails/engine.rb:518:in `call'
  railties (4.2.4) lib/rails/application.rb:165:in `call'
  rack (1.6.4) lib/rack/lock.rb:17:in `call'
  rack (1.6.4) lib/rack/content_length.rb:15:in `call'
  rack (1.6.4) lib/rack/handler/webrick.rb:88:in `service'
  /usr/local/rvm/rubies/ruby-2.3.0/lib/ruby/2.3.0/webrick/httpserver.rb:140:in `service'
  /usr/local/rvm/rubies/ruby-2.3.0/lib/ruby/2.3.0/webrick/httpserver.rb:96:in `run'
  /usr/local/rvm/rubies/ruby-2.3.0/lib/ruby/2.3.0/webrick/server.rb:296:in `block in start_thread'


  Rendered /usr/local/rvm/gems/ruby-2.3.0/gems/actionpack-4.2.4/lib/action_dispatch/middleware/templates/rescues/_source.erb (12.1ms)
  Rendered /usr/local/rvm/gems/ruby-2.3.0/gems/actionpack-4.2.4/lib/action_dispatch/middleware/templates/rescues/_trace.html.erb (2.2ms)
  Rendered /usr/local/rvm/gems/ruby-2.3.0/gems/actionpack-4.2.4/lib/action_dispatch/middleware/templates/rescues/_request_and_response.html.erb (1.0ms)
  Rendered /usr/local/rvm/gems/ruby-2.3.0/gems/actionpack-4.2.4/lib/action_dispatch/middleware/templates/rescues/missing_template.html.erb within rescues/layout (71.9ms)


Started GET "/" for 65.191.113.32 at 2016-02-23 23:29:47 +0000
Cannot render console from 65.191.113.32! Allowed networks: 127.0.0.1, ::1, 127.0.0.0/127.255.255.255
Processing by GoalsController#individual as HTML
  [1m[35mUser Load (0.2ms)[0m  SELECT  "users".* FROM "users" WHERE "users"."id" = ?  ORDER BY "users"."id" ASC LIMIT 1  [["id", 1]]
  Rendered goals/individual.html.erb within layouts/application (0.3ms)
  Rendered layouts/_nav.html.erb (0.3ms)
Completed 200 OK in 28ms (Views: 25.9ms | ActiveRecord: 0.2ms)


Started GET "/assets/goal.self-e3b0c44298fc1c149afbf4c8996fb92427ae41e4649b934ca495991b7852b855.css?body=1" for 65.191.113.32 at 2016-02-23 23:29:48 +0000
Cannot render console from 65.191.113.32! Allowed networks: 127.0.0.1, ::1, 127.0.0.0/127.255.255.255


Started GET "/assets/application.self-3b8dabdc891efe46b9a144b400ad69e37d7e5876bdc39dee783419a69d7ca819.js?body=1" for 65.191.113.32 at 2016-02-23 23:29:49 +0000
Cannot render console from 65.191.113.32! Allowed networks: 127.0.0.1, ::1, 127.0.0.0/127.255.255.255


Started GET "/assets/jquery_ujs.self-d602bdfe68ffc63b9f9cc512872aa3cfff046228a0a36e90dd476e8ef54c1b09.js?body=1" for 65.191.113.32 at 2016-02-23 23:29:49 +0000
Cannot render console from 65.191.113.32! Allowed networks: 127.0.0.1, ::1, 127.0.0.0/127.255.255.255


Started GET "/assets/application.self-e80e8f2318043e8af94dddc2adad5a4f09739a8ebb323b3ab31cd71d45fd9113.css?body=1" for 65.191.113.32 at 2016-02-23 23:29:49 +0000
Cannot render console from 65.191.113.32! Allowed networks: 127.0.0.1, ::1, 127.0.0.0/127.255.255.255


Started GET "/assets/turbolinks.self-c37727e9bd6b2735da5c311aa83fead54ed0be6cc8bd9a65309e9c5abe2cbfff.js?body=1" for 65.191.113.32 at 2016-02-23 23:29:49 +0000
Cannot render console from 65.191.113.32! Allowed networks: 127.0.0.1, ::1, 127.0.0.0/127.255.255.255


Started GET "/assets/goal.self-877aef30ae1b040ab8a3aba4e3e309a11d7f2612f44dde450b5c157aa5f95c05.js?body=1" for 65.191.113.32 at 2016-02-23 23:29:50 +0000
Cannot render console from 65.191.113.32! Allowed networks: 127.0.0.1, ::1, 127.0.0.0/127.255.255.255


Started GET "/assets/jquery.self-c64a74367bda6ef8b860f19e74df08927ca99d2be2ac934e9e92d5fd361e0da4.js?body=1" for 65.191.113.32 at 2016-02-23 23:29:50 +0000
Cannot render console from 65.191.113.32! Allowed networks: 127.0.0.1, ::1, 127.0.0.0/127.255.255.255


Started DELETE "/users/sign_out" for 65.191.113.32 at 2016-02-23 23:29:58 +0000
Cannot render console from 65.191.113.32! Allowed networks: 127.0.0.1, ::1, 127.0.0.0/127.255.255.255
Processing by Devise::SessionsController#destroy as HTML
  Parameters: {"authenticity_token"=>"O9pAKt+rNiMJUVc80auazMz5Td23n2PrXVWz9EYmYHiWV2WEGEVeI8gpavWNG/2rtvSIImH6dALdaWCx9VnWEw=="}
  [1m[36mUser Load (0.2ms)[0m  [1mSELECT  "users".* FROM "users" WHERE "users"."id" = ?  ORDER BY "users"."id" ASC LIMIT 1[0m  [["id", 1]]
  [1m[35m (0.1ms)[0m  begin transaction
  [1m[36m (0.1ms)[0m  [1mcommit transaction[0m
Redirected to https://accountability1-mnhasapis.c9users.io/
Completed 302 Found in 53ms (ActiveRecord: 0.4ms)


Started GET "/" for 65.191.113.32 at 2016-02-23 23:29:58 +0000
Cannot render console from 65.191.113.32! Allowed networks: 127.0.0.1, ::1, 127.0.0.0/127.255.255.255
Processing by GoalsController#individual as HTML
Completed 401 Unauthorized in 1ms (ActiveRecord: 0.0ms)


Started GET "/users/sign_in" for 65.191.113.32 at 2016-02-23 23:29:58 +0000
Cannot render console from 65.191.113.32! Allowed networks: 127.0.0.1, ::1, 127.0.0.0/127.255.255.255
Processing by Devise::SessionsController#new as HTML
  Rendered devise/shared/_links.html.erb (0.5ms)
  Rendered devise/sessions/new.html.erb within layouts/application (10.0ms)
  Rendered layouts/_nav.html.erb (0.3ms)
Completed 200 OK in 45ms (Views: 43.7ms | ActiveRecord: 0.0ms)


Started POST "/users/sign_in" for 65.191.113.32 at 2016-02-23 23:30:11 +0000
Cannot render console from 65.191.113.32! Allowed networks: 127.0.0.1, ::1, 127.0.0.0/127.255.255.255
Processing by Devise::SessionsController#create as HTML
  Parameters: {"utf8"=>"✓", "authenticity_token"=>"dtpUxk7b4oqN+Zz7d8AzfjHrDFhaHEx97ZnQDct04Rb6RFPhLfqnrLZHg6Hicc5xu/RbAS+ORU6SYzAwb8tfBQ==", "user"=>{"email"=>"dude@dude.com", "password"=>"[FILTERED]", "remember_me"=>"0"}, "commit"=>"Log in"}
  [1m[35mUser Load (0.3ms)[0m  SELECT  "users".* FROM "users" WHERE "users"."email" = ?  ORDER BY "users"."id" ASC LIMIT 1  [["email", "dude@dude.com"]]
  [1m[36m (0.1ms)[0m  [1mbegin transaction[0m
  [1m[35mSQL (0.3ms)[0m  UPDATE "users" SET "current_sign_in_at" = ?, "sign_in_count" = ?, "updated_at" = ? WHERE "users"."id" = ?  [["current_sign_in_at", "2016-02-23 23:30:11.356765"], ["sign_in_count", 2], ["updated_at", "2016-02-23 23:30:11.358423"], ["id", 1]]
  [1m[36m (22.7ms)[0m  [1mcommit transaction[0m
Redirected to https://accountability1-mnhasapis.c9users.io/
Completed 302 Found in 121ms (ActiveRecord: 23.4ms)


Started GET "/" for 65.191.113.32 at 2016-02-23 23:30:11 +0000
Cannot render console from 65.191.113.32! Allowed networks: 127.0.0.1, ::1, 127.0.0.0/127.255.255.255
Processing by GoalsController#individual as HTML
  [1m[35mUser Load (0.4ms)[0m  SELECT  "users".* FROM "users" WHERE "users"."id" = ?  ORDER BY "users"."id" ASC LIMIT 1  [["id", 1]]
  Rendered goals/individual.html.erb within layouts/application (0.1ms)
  Rendered layouts/_nav.html.erb (0.5ms)
Completed 200 OK in 36ms (Views: 34.0ms | ActiveRecord: 0.4ms)


Started GET "/" for 65.191.113.32 at 2016-02-23 23:37:52 +0000
Cannot render console from 65.191.113.32! Allowed networks: 127.0.0.1, ::1, 127.0.0.0/127.255.255.255
Processing by GoalsController#individual as HTML
  [1m[36mUser Load (0.2ms)[0m  [1mSELECT  "users".* FROM "users" WHERE "users"."id" = ?  ORDER BY "users"."id" ASC LIMIT 1[0m  [["id", 1]]
  Rendered goals/individual.html.erb within layouts/application (0.1ms)
  Rendered layouts/_nav.html.erb (0.4ms)
Completed 200 OK in 145ms (Views: 129.4ms | ActiveRecord: 1.0ms)


Started GET "/assets/goal.self-e3b0c44298fc1c149afbf4c8996fb92427ae41e4649b934ca495991b7852b855.css?body=1" for 65.191.113.32 at 2016-02-23 23:37:53 +0000
Cannot render console from 65.191.113.32! Allowed networks: 127.0.0.1, ::1, 127.0.0.0/127.255.255.255


Started GET "/assets/application.self-3b8dabdc891efe46b9a144b400ad69e37d7e5876bdc39dee783419a69d7ca819.js?body=1" for 65.191.113.32 at 2016-02-23 23:37:53 +0000
Cannot render console from 65.191.113.32! Allowed networks: 127.0.0.1, ::1, 127.0.0.0/127.255.255.255


Started GET "/assets/application.self-e80e8f2318043e8af94dddc2adad5a4f09739a8ebb323b3ab31cd71d45fd9113.css?body=1" for 65.191.113.32 at 2016-02-23 23:37:53 +0000
Cannot render console from 65.191.113.32! Allowed networks: 127.0.0.1, ::1, 127.0.0.0/127.255.255.255


Started GET "/assets/goal.self-877aef30ae1b040ab8a3aba4e3e309a11d7f2612f44dde450b5c157aa5f95c05.js?body=1" for 65.191.113.32 at 2016-02-23 23:37:53 +0000
Cannot render console from 65.191.113.32! Allowed networks: 127.0.0.1, ::1, 127.0.0.0/127.255.255.255


Started GET "/assets/turbolinks.self-c37727e9bd6b2735da5c311aa83fead54ed0be6cc8bd9a65309e9c5abe2cbfff.js?body=1" for 65.191.113.32 at 2016-02-23 23:37:53 +0000
Cannot render console from 65.191.113.32! Allowed networks: 127.0.0.1, ::1, 127.0.0.0/127.255.255.255


Started GET "/assets/jquery_ujs.self-d602bdfe68ffc63b9f9cc512872aa3cfff046228a0a36e90dd476e8ef54c1b09.js?body=1" for 65.191.113.32 at 2016-02-23 23:37:53 +0000
Cannot render console from 65.191.113.32! Allowed networks: 127.0.0.1, ::1, 127.0.0.0/127.255.255.255


Started GET "/assets/jquery.self-c64a74367bda6ef8b860f19e74df08927ca99d2be2ac934e9e92d5fd361e0da4.js?body=1" for 65.191.113.32 at 2016-02-23 23:37:53 +0000
Cannot render console from 65.191.113.32! Allowed networks: 127.0.0.1, ::1, 127.0.0.0/127.255.255.255


Started GET "/" for 65.191.113.32 at 2016-02-23 23:41:00 +0000
Cannot render console from 65.191.113.32! Allowed networks: 127.0.0.1, ::1, 127.0.0.0/127.255.255.255
Processing by GoalsController#individual as HTML
  [1m[35mUser Load (0.4ms)[0m  SELECT  "users".* FROM "users" WHERE "users"."id" = ?  ORDER BY "users"."id" ASC LIMIT 1  [["id", 1]]
  Rendered goals/individual.html.erb within layouts/application (0.0ms)
  Rendered layouts/_nav.html.erb (0.3ms)
Completed 200 OK in 25ms (Views: 22.7ms | ActiveRecord: 0.4ms)


Started GET "/assets/application.self-e80e8f2318043e8af94dddc2adad5a4f09739a8ebb323b3ab31cd71d45fd9113.css?body=1" for 65.191.113.32 at 2016-02-23 23:41:01 +0000
Cannot render console from 65.191.113.32! Allowed networks: 127.0.0.1, ::1, 127.0.0.0/127.255.255.255


Started GET "/assets/goal.self-e3b0c44298fc1c149afbf4c8996fb92427ae41e4649b934ca495991b7852b855.css?body=1" for 65.191.113.32 at 2016-02-23 23:41:01 +0000
Cannot render console from 65.191.113.32! Allowed networks: 127.0.0.1, ::1, 127.0.0.0/127.255.255.255


Started GET "/assets/application.self-3b8dabdc891efe46b9a144b400ad69e37d7e5876bdc39dee783419a69d7ca819.js?body=1" for 65.191.113.32 at 2016-02-23 23:41:01 +0000
Cannot render console from 65.191.113.32! Allowed networks: 127.0.0.1, ::1, 127.0.0.0/127.255.255.255


Started GET "/assets/jquery.self-c64a74367bda6ef8b860f19e74df08927ca99d2be2ac934e9e92d5fd361e0da4.js?body=1" for 65.191.113.32 at 2016-02-23 23:41:01 +0000
Cannot render console from 65.191.113.32! Allowed networks: 127.0.0.1, ::1, 127.0.0.0/127.255.255.255


Started GET "/assets/goal.self-877aef30ae1b040ab8a3aba4e3e309a11d7f2612f44dde450b5c157aa5f95c05.js?body=1" for 65.191.113.32 at 2016-02-23 23:41:01 +0000
Cannot render console from 65.191.113.32! Allowed networks: 127.0.0.1, ::1, 127.0.0.0/127.255.255.255


Started GET "/assets/jquery_ujs.self-d602bdfe68ffc63b9f9cc512872aa3cfff046228a0a36e90dd476e8ef54c1b09.js?body=1" for 65.191.113.32 at 2016-02-23 23:41:01 +0000
Cannot render console from 65.191.113.32! Allowed networks: 127.0.0.1, ::1, 127.0.0.0/127.255.255.255


Started GET "/assets/turbolinks.self-c37727e9bd6b2735da5c311aa83fead54ed0be6cc8bd9a65309e9c5abe2cbfff.js?body=1" for 65.191.113.32 at 2016-02-23 23:41:01 +0000
Cannot render console from 65.191.113.32! Allowed networks: 127.0.0.1, ::1, 127.0.0.0/127.255.255.255


Started DELETE "/users/sign_out" for 65.191.113.32 at 2016-02-23 23:41:06 +0000
Cannot render console from 65.191.113.32! Allowed networks: 127.0.0.1, ::1, 127.0.0.0/127.255.255.255
Processing by Devise::SessionsController#destroy as HTML
  Parameters: {"authenticity_token"=>"cRTZMPop/JSs1//uaIq2YOQT4DTi9ge6Og53GlfilZhLBUwzvr8OJgJheLlehPXVOIGpf0M8obLQyvnBcfM9ew=="}
  [1m[36mUser Load (0.2ms)[0m  [1mSELECT  "users".* FROM "users" WHERE "users"."id" = ?  ORDER BY "users"."id" ASC LIMIT 1[0m  [["id", 1]]
  [1m[35m (0.1ms)[0m  begin transaction
  [1m[36m (0.1ms)[0m  [1mcommit transaction[0m
Redirected to https://accountability1-mnhasapis.c9users.io/
Completed 302 Found in 6ms (ActiveRecord: 0.3ms)


Started GET "/" for 65.191.113.32 at 2016-02-23 23:41:06 +0000
Cannot render console from 65.191.113.32! Allowed networks: 127.0.0.1, ::1, 127.0.0.0/127.255.255.255
Processing by GoalsController#individual as HTML
Completed 401 Unauthorized in 1ms (ActiveRecord: 0.0ms)


Started GET "/users/sign_in" for 65.191.113.32 at 2016-02-23 23:41:06 +0000
Cannot render console from 65.191.113.32! Allowed networks: 127.0.0.1, ::1, 127.0.0.0/127.255.255.255
Processing by Devise::SessionsController#new as HTML
  Rendered devise/shared/_links.html.erb (0.5ms)
  Rendered devise/sessions/new.html.erb within layouts/application (4.4ms)
  Rendered layouts/_nav.html.erb (0.2ms)
Completed 200 OK in 31ms (Views: 29.8ms | ActiveRecord: 0.0ms)


Started GET "/users/sign_up" for 65.191.113.32 at 2016-02-23 23:41:09 +0000
Cannot render console from 65.191.113.32! Allowed networks: 127.0.0.1, ::1, 127.0.0.0/127.255.255.255
Processing by Devise::RegistrationsController#new as HTML
  Rendered devise/shared/_links.html.erb (0.3ms)
  Rendered devise/registrations/new.html.erb within layouts/application (3.6ms)
  Rendered layouts/_nav.html.erb (0.2ms)
Completed 200 OK in 28ms (Views: 27.0ms | ActiveRecord: 0.0ms)


Started GET "/users/sign_up" for 65.191.113.32 at 2016-02-23 23:44:19 +0000
Cannot render console from 65.191.113.32! Allowed networks: 127.0.0.1, ::1, 127.0.0.0/127.255.255.255
Processing by Devise::RegistrationsController#new as HTML
  Rendered devise/registrations/new.html.erb within layouts/application (13.0ms)
Completed 500 Internal Server Error in 21ms (ActiveRecord: 0.0ms)

ActionView::Template::Error (undefined method `location' for #<User:0x007fdfad5e8be0>):
    22:   </div>
    23:   
    24:   <div class="field">
    25:     <%= f.text_field :location, placeholder: "Raleigh, North Carolina" %>
    26:   </div><br />
    27: 
    28: 
  app/views/devise/registrations/new.html.erb:25:in `block in _app_views_devise_registrations_new_html_erb___1485214797943249024_70299331492740'
  app/views/devise/registrations/new.html.erb:3:in `_app_views_devise_registrations_new_html_erb___1485214797943249024_70299331492740'


  Rendered /usr/local/rvm/gems/ruby-2.3.0/gems/actionpack-4.2.4/lib/action_dispatch/middleware/templates/rescues/_source.erb (9.1ms)
  Rendered /usr/local/rvm/gems/ruby-2.3.0/gems/actionpack-4.2.4/lib/action_dispatch/middleware/templates/rescues/_trace.html.erb (3.2ms)
  Rendered /usr/local/rvm/gems/ruby-2.3.0/gems/actionpack-4.2.4/lib/action_dispatch/middleware/templates/rescues/_request_and_response.html.erb (1.1ms)
  Rendered /usr/local/rvm/gems/ruby-2.3.0/gems/actionpack-4.2.4/lib/action_dispatch/middleware/templates/rescues/template_error.html.erb within rescues/layout (89.6ms)


Started GET "/" for 65.191.113.32 at 2016-02-23 23:45:34 +0000
Cannot render console from 65.191.113.32! Allowed networks: 127.0.0.1, ::1, 127.0.0.0/127.255.255.255
  [1m[36mActiveRecord::SchemaMigration Load (0.1ms)[0m  [1mSELECT "schema_migrations".* FROM "schema_migrations"[0m
Processing by GoalsController#individual as HTML
Completed 401 Unauthorized in 26ms (ActiveRecord: 0.0ms)


Started GET "/users/sign_in" for 65.191.113.32 at 2016-02-23 23:45:34 +0000
Cannot render console from 65.191.113.32! Allowed networks: 127.0.0.1, ::1, 127.0.0.0/127.255.255.255
Processing by Devise::SessionsController#new as HTML
  Rendered devise/shared/_links.html.erb (2.0ms)
  Rendered devise/sessions/new.html.erb within layouts/application (84.4ms)
  Rendered layouts/_nav.html.erb (0.7ms)
Completed 200 OK in 415ms (Views: 384.5ms | ActiveRecord: 1.0ms)


Started GET "/users/sign_up" for 65.191.113.32 at 2016-02-23 23:45:41 +0000
Cannot render console from 65.191.113.32! Allowed networks: 127.0.0.1, ::1, 127.0.0.0/127.255.255.255
Processing by Devise::RegistrationsController#new as HTML
  Rendered devise/registrations/new.html.erb within layouts/application (18.3ms)
Completed 500 Internal Server Error in 26ms (ActiveRecord: 0.0ms)

ActionView::Template::Error (undefined method `location' for #<User:0x007f4d45d020e8>):
    22:   </div>
    23:   
    24:   <div class="field">
    25:     <%= f.text_field :location, placeholder: "Raleigh, North Carolina" %>
    26:   </div><br />
    27: 
    28: 
  app/views/devise/registrations/new.html.erb:25:in `block in _app_views_devise_registrations_new_html_erb__2226936570430861617_69984929986320'
  app/views/devise/registrations/new.html.erb:3:in `_app_views_devise_registrations_new_html_erb__2226936570430861617_69984929986320'


  Rendered /usr/local/rvm/gems/ruby-2.3.0/gems/actionpack-4.2.4/lib/action_dispatch/middleware/templates/rescues/_source.erb (11.1ms)
  Rendered /usr/local/rvm/gems/ruby-2.3.0/gems/actionpack-4.2.4/lib/action_dispatch/middleware/templates/rescues/_trace.html.erb (3.4ms)
  Rendered /usr/local/rvm/gems/ruby-2.3.0/gems/actionpack-4.2.4/lib/action_dispatch/middleware/templates/rescues/_request_and_response.html.erb (1.0ms)
  Rendered /usr/local/rvm/gems/ruby-2.3.0/gems/actionpack-4.2.4/lib/action_dispatch/middleware/templates/rescues/template_error.html.erb within rescues/layout (84.1ms)


Started GET "/users/sign_up" for 65.191.113.32 at 2016-02-23 23:45:42 +0000
Cannot render console from 65.191.113.32! Allowed networks: 127.0.0.1, ::1, 127.0.0.0/127.255.255.255
Processing by Devise::RegistrationsController#new as HTML
  Rendered devise/registrations/new.html.erb within layouts/application (15.5ms)
Completed 500 Internal Server Error in 24ms (ActiveRecord: 0.0ms)

ActionView::Template::Error (undefined method `location' for #<User:0x007f4d45afd360>):
    22:   </div>
    23:   
    24:   <div class="field">
    25:     <%= f.text_field :location, placeholder: "Raleigh, North Carolina" %>
    26:   </div><br />
    27: 
    28: 
  app/views/devise/registrations/new.html.erb:25:in `block in _app_views_devise_registrations_new_html_erb__2226936570430861617_69984929986320'
  app/views/devise/registrations/new.html.erb:3:in `_app_views_devise_registrations_new_html_erb__2226936570430861617_69984929986320'


  Rendered /usr/local/rvm/gems/ruby-2.3.0/gems/actionpack-4.2.4/lib/action_dispatch/middleware/templates/rescues/_source.erb (14.4ms)
  Rendered /usr/local/rvm/gems/ruby-2.3.0/gems/actionpack-4.2.4/lib/action_dispatch/middleware/templates/rescues/_trace.html.erb (3.6ms)
  Rendered /usr/local/rvm/gems/ruby-2.3.0/gems/actionpack-4.2.4/lib/action_dispatch/middleware/templates/rescues/_request_and_response.html.erb (1.2ms)
  Rendered /usr/local/rvm/gems/ruby-2.3.0/gems/actionpack-4.2.4/lib/action_dispatch/middleware/templates/rescues/template_error.html.erb within rescues/layout (89.6ms)


Started GET "/users/sign_up" for 65.191.113.32 at 2016-02-23 23:56:50 +0000
Cannot render console from 65.191.113.32! Allowed networks: 127.0.0.1, ::1, 127.0.0.0/127.255.255.255
Processing by Devise::RegistrationsController#new as HTML
  Rendered devise/registrations/new.html.erb within layouts/application (10.3ms)
Completed 500 Internal Server Error in 28ms (ActiveRecord: 0.8ms)

ActionView::Template::Error (undefined method `location' for #<User:0x007f4d45723fa0>):
    22:   </div>
    23:   
    24:   <div class="field">
    25:     <%= f.text_field :location, placeholder: "Raleigh, North Carolina" %>
    26:   </div><br />
    27: 
    28: 
  app/views/devise/registrations/new.html.erb:25:in `block in _app_views_devise_registrations_new_html_erb__2226936570430861617_69984929986320'
  app/views/devise/registrations/new.html.erb:3:in `_app_views_devise_registrations_new_html_erb__2226936570430861617_69984929986320'


  Rendered /usr/local/rvm/gems/ruby-2.3.0/gems/actionpack-4.2.4/lib/action_dispatch/middleware/templates/rescues/_source.erb (8.4ms)
  Rendered /usr/local/rvm/gems/ruby-2.3.0/gems/actionpack-4.2.4/lib/action_dispatch/middleware/templates/rescues/_trace.html.erb (2.6ms)
  Rendered /usr/local/rvm/gems/ruby-2.3.0/gems/actionpack-4.2.4/lib/action_dispatch/middleware/templates/rescues/_request_and_response.html.erb (1.1ms)
  Rendered /usr/local/rvm/gems/ruby-2.3.0/gems/actionpack-4.2.4/lib/action_dispatch/middleware/templates/rescues/template_error.html.erb within rescues/layout (66.0ms)


Started GET "/users/sign_up" for 65.191.113.32 at 2016-02-23 23:57:19 +0000
Cannot render console from 65.191.113.32! Allowed networks: 127.0.0.1, ::1, 127.0.0.0/127.255.255.255
Processing by Devise::RegistrationsController#new as HTML
  Rendered devise/registrations/new.html.erb within layouts/application (16.4ms)
Completed 500 Internal Server Error in 25ms (ActiveRecord: 0.0ms)

ActionView::Template::Error (undefined method `location' for #<User:0x007f4d460e3310>):
    22:   </div>
    23:   
    24:   <!--<div class="field">-->
    25:   <!--  <%= f.text_field :location, placeholder: "Raleigh, North Carolina" %>-->
    26:   <!--</div><br />-->
    27: 
    28: 
  app/views/devise/registrations/new.html.erb:25:in `block in _app_views_devise_registrations_new_html_erb__2226936570430861617_69984932267740'
  app/views/devise/registrations/new.html.erb:3:in `_app_views_devise_registrations_new_html_erb__2226936570430861617_69984932267740'


  Rendered /usr/local/rvm/gems/ruby-2.3.0/gems/actionpack-4.2.4/lib/action_dispatch/middleware/templates/rescues/_source.erb (9.7ms)
  Rendered /usr/local/rvm/gems/ruby-2.3.0/gems/actionpack-4.2.4/lib/action_dispatch/middleware/templates/rescues/_trace.html.erb (2.6ms)
  Rendered /usr/local/rvm/gems/ruby-2.3.0/gems/actionpack-4.2.4/lib/action_dispatch/middleware/templates/rescues/_request_and_response.html.erb (1.1ms)
  Rendered /usr/local/rvm/gems/ruby-2.3.0/gems/actionpack-4.2.4/lib/action_dispatch/middleware/templates/rescues/template_error.html.erb within rescues/layout (84.6ms)
